2023-10-24T10:37:03.843Z: Error: WHERE parameter "orderid" has invalid "undefined" value
    at MySQLQueryGenerator.whereItemQuery (D:\JS applications vscode\New Full Stack Expense Tracker 1 Backend\node_modules\sequelize\lib\dialects\abstract\query-generator.js:1743:13)
    at D:\JS applications vscode\New Full Stack Expense Tracker 1 Backend\node_modules\sequelize\lib\dialects\abstract\query-generator.js:1734:25
    at Array.forEach (<anonymous>)
    at MySQLQueryGenerator.whereItemsQuery (D:\JS applications vscode\New Full Stack Expense Tracker 1 Backend\node_modules\sequelize\lib\dialects\abstract\query-generator.js:1732:35)
    at MySQLQueryGenerator.getWhereConditions (D:\JS applications vscode\New Full Stack Expense Tracker 1 Backend\node_modules\sequelize\lib\dialects\abstract\query-generator.js:2075:19)
    at MySQLQueryGenerator.selectQuery (D:\JS applications vscode\New Full Stack Expense Tracker 1 Backend\node_modules\sequelize\lib\dialects\abstract\query-generator.js:988:28)
    at MySQLQueryInterface.select (D:\JS applications vscode\New Full Stack Expense Tracker 1 Backend\node_modules\sequelize\lib\dialects\abstract\query-interface.js:407:59)
    at order.findAll (D:\JS applications vscode\New Full Stack Expense Tracker 1 Backend\node_modules\sequelize\lib\model.js:1140:47)
    at process.processTicksAndRejections (node:internal/process/task_queues:95:5)
    at async order.findOne (D:\JS applications vscode\New Full Stack Expense Tracker 1 Backend\node_modules\sequelize\lib\model.js:1240:12)
    at async exports.updateTransactionStatus (D:\JS applications vscode\New Full Stack Expense Tracker 1 Backend\controllers\purchase.js:62:19)
2023-10-24T10:40:45.669Z: Error: WHERE parameter "orderid" has invalid "undefined" value
    at MySQLQueryGenerator.whereItemQuery (D:\JS applications vscode\New Full Stack Expense Tracker 1 Backend\node_modules\sequelize\lib\dialects\abstract\query-generator.js:1743:13)
    at D:\JS applications vscode\New Full Stack Expense Tracker 1 Backend\node_modules\sequelize\lib\dialects\abstract\query-generator.js:1734:25
    at Array.forEach (<anonymous>)
    at MySQLQueryGenerator.whereItemsQuery (D:\JS applications vscode\New Full Stack Expense Tracker 1 Backend\node_modules\sequelize\lib\dialects\abstract\query-generator.js:1732:35)
    at MySQLQueryGenerator.getWhereConditions (D:\JS applications vscode\New Full Stack Expense Tracker 1 Backend\node_modules\sequelize\lib\dialects\abstract\query-generator.js:2075:19)
    at MySQLQueryGenerator.selectQuery (D:\JS applications vscode\New Full Stack Expense Tracker 1 Backend\node_modules\sequelize\lib\dialects\abstract\query-generator.js:988:28)
    at MySQLQueryInterface.select (D:\JS applications vscode\New Full Stack Expense Tracker 1 Backend\node_modules\sequelize\lib\dialects\abstract\query-interface.js:407:59)
    at order.findAll (D:\JS applications vscode\New Full Stack Expense Tracker 1 Backend\node_modules\sequelize\lib\model.js:1140:47)
    at process.processTicksAndRejections (node:internal/process/task_queues:95:5)
    at async order.findOne (D:\JS applications vscode\New Full Stack Expense Tracker 1 Backend\node_modules\sequelize\lib\model.js:1240:12)
    at async exports.updateTransactionStatus (D:\JS applications vscode\New Full Stack Expense Tracker 1 Backend\controllers\purchase.js:61:19)
2023-10-24T10:44:05.898Z: Error: WHERE parameter "orderid" has invalid "undefined" value
    at MySQLQueryGenerator.whereItemQuery (D:\JS applications vscode\New Full Stack Expense Tracker 1 Backend\node_modules\sequelize\lib\dialects\abstract\query-generator.js:1743:13)
    at D:\JS applications vscode\New Full Stack Expense Tracker 1 Backend\node_modules\sequelize\lib\dialects\abstract\query-generator.js:1734:25
    at Array.forEach (<anonymous>)
    at MySQLQueryGenerator.whereItemsQuery (D:\JS applications vscode\New Full Stack Expense Tracker 1 Backend\node_modules\sequelize\lib\dialects\abstract\query-generator.js:1732:35)
    at MySQLQueryGenerator.getWhereConditions (D:\JS applications vscode\New Full Stack Expense Tracker 1 Backend\node_modules\sequelize\lib\dialects\abstract\query-generator.js:2075:19)
    at MySQLQueryGenerator.selectQuery (D:\JS applications vscode\New Full Stack Expense Tracker 1 Backend\node_modules\sequelize\lib\dialects\abstract\query-generator.js:988:28)
    at MySQLQueryInterface.select (D:\JS applications vscode\New Full Stack Expense Tracker 1 Backend\node_modules\sequelize\lib\dialects\abstract\query-interface.js:407:59)
    at order.findAll (D:\JS applications vscode\New Full Stack Expense Tracker 1 Backend\node_modules\sequelize\lib\model.js:1140:47)
    at process.processTicksAndRejections (node:internal/process/task_queues:95:5)
    at async order.findOne (D:\JS applications vscode\New Full Stack Expense Tracker 1 Backend\node_modules\sequelize\lib\model.js:1240:12)
    at async exports.updateTransactionStatus (D:\JS applications vscode\New Full Stack Expense Tracker 1 Backend\controllers\purchase.js:64:19)
2023-10-24T10:49:44.646Z: Error: WHERE parameter "orderid" has invalid "undefined" value
    at MySQLQueryGenerator.whereItemQuery (D:\JS applications vscode\New Full Stack Expense Tracker 1 Backend\node_modules\sequelize\lib\dialects\abstract\query-generator.js:1743:13)
    at D:\JS applications vscode\New Full Stack Expense Tracker 1 Backend\node_modules\sequelize\lib\dialects\abstract\query-generator.js:1734:25
    at Array.forEach (<anonymous>)
    at MySQLQueryGenerator.whereItemsQuery (D:\JS applications vscode\New Full Stack Expense Tracker 1 Backend\node_modules\sequelize\lib\dialects\abstract\query-generator.js:1732:35)
    at MySQLQueryGenerator.getWhereConditions (D:\JS applications vscode\New Full Stack Expense Tracker 1 Backend\node_modules\sequelize\lib\dialects\abstract\query-generator.js:2075:19)
    at MySQLQueryGenerator.selectQuery (D:\JS applications vscode\New Full Stack Expense Tracker 1 Backend\node_modules\sequelize\lib\dialects\abstract\query-generator.js:988:28)
    at MySQLQueryInterface.select (D:\JS applications vscode\New Full Stack Expense Tracker 1 Backend\node_modules\sequelize\lib\dialects\abstract\query-interface.js:407:59)
    at order.findAll (D:\JS applications vscode\New Full Stack Expense Tracker 1 Backend\node_modules\sequelize\lib\model.js:1140:47)
    at process.processTicksAndRejections (node:internal/process/task_queues:95:5)
    at async order.findOne (D:\JS applications vscode\New Full Stack Expense Tracker 1 Backend\node_modules\sequelize\lib\model.js:1240:12)
    at async exports.updateTransactionStatus (D:\JS applications vscode\New Full Stack Expense Tracker 1 Backend\controllers\purchase.js:64:19)
2023-10-24T10:53:18.661Z: Error: WHERE parameter "orderid" has invalid "undefined" value
    at MySQLQueryGenerator.whereItemQuery (D:\JS applications vscode\New Full Stack Expense Tracker 1 Backend\node_modules\sequelize\lib\dialects\abstract\query-generator.js:1743:13)
    at D:\JS applications vscode\New Full Stack Expense Tracker 1 Backend\node_modules\sequelize\lib\dialects\abstract\query-generator.js:1734:25
    at Array.forEach (<anonymous>)
    at MySQLQueryGenerator.whereItemsQuery (D:\JS applications vscode\New Full Stack Expense Tracker 1 Backend\node_modules\sequelize\lib\dialects\abstract\query-generator.js:1732:35)
    at MySQLQueryGenerator.getWhereConditions (D:\JS applications vscode\New Full Stack Expense Tracker 1 Backend\node_modules\sequelize\lib\dialects\abstract\query-generator.js:2075:19)
    at MySQLQueryGenerator.selectQuery (D:\JS applications vscode\New Full Stack Expense Tracker 1 Backend\node_modules\sequelize\lib\dialects\abstract\query-generator.js:988:28)
    at MySQLQueryInterface.select (D:\JS applications vscode\New Full Stack Expense Tracker 1 Backend\node_modules\sequelize\lib\dialects\abstract\query-interface.js:407:59)
    at order.findAll (D:\JS applications vscode\New Full Stack Expense Tracker 1 Backend\node_modules\sequelize\lib\model.js:1140:47)
    at process.processTicksAndRejections (node:internal/process/task_queues:95:5)
    at async order.findOne (D:\JS applications vscode\New Full Stack Expense Tracker 1 Backend\node_modules\sequelize\lib\model.js:1240:12)
    at async exports.updateTransactionStatus (D:\JS applications vscode\New Full Stack Expense Tracker 1 Backend\controllers\purchase.js:64:19)
2023-10-24T10:55:53.994Z: Error: WHERE parameter "orderid" has invalid "undefined" value
    at MySQLQueryGenerator.whereItemQuery (D:\JS applications vscode\New Full Stack Expense Tracker 1 Backend\node_modules\sequelize\lib\dialects\abstract\query-generator.js:1743:13)
    at D:\JS applications vscode\New Full Stack Expense Tracker 1 Backend\node_modules\sequelize\lib\dialects\abstract\query-generator.js:1734:25
    at Array.forEach (<anonymous>)
    at MySQLQueryGenerator.whereItemsQuery (D:\JS applications vscode\New Full Stack Expense Tracker 1 Backend\node_modules\sequelize\lib\dialects\abstract\query-generator.js:1732:35)
    at MySQLQueryGenerator.getWhereConditions (D:\JS applications vscode\New Full Stack Expense Tracker 1 Backend\node_modules\sequelize\lib\dialects\abstract\query-generator.js:2075:19)
    at MySQLQueryGenerator.selectQuery (D:\JS applications vscode\New Full Stack Expense Tracker 1 Backend\node_modules\sequelize\lib\dialects\abstract\query-generator.js:988:28)
    at MySQLQueryInterface.select (D:\JS applications vscode\New Full Stack Expense Tracker 1 Backend\node_modules\sequelize\lib\dialects\abstract\query-interface.js:407:59)
    at order.findAll (D:\JS applications vscode\New Full Stack Expense Tracker 1 Backend\node_modules\sequelize\lib\model.js:1140:47)
    at process.processTicksAndRejections (node:internal/process/task_queues:95:5)
    at async order.findOne (D:\JS applications vscode\New Full Stack Expense Tracker 1 Backend\node_modules\sequelize\lib\model.js:1240:12)
    at async exports.updateTransactionStatus (D:\JS applications vscode\New Full Stack Expense Tracker 1 Backend\controllers\purchase.js:67:19)
2023-10-24T10:57:00.942Z: Error: WHERE parameter "orderid" has invalid "undefined" value
    at MySQLQueryGenerator.whereItemQuery (D:\JS applications vscode\New Full Stack Expense Tracker 1 Backend\node_modules\sequelize\lib\dialects\abstract\query-generator.js:1743:13)
    at D:\JS applications vscode\New Full Stack Expense Tracker 1 Backend\node_modules\sequelize\lib\dialects\abstract\query-generator.js:1734:25
    at Array.forEach (<anonymous>)
    at MySQLQueryGenerator.whereItemsQuery (D:\JS applications vscode\New Full Stack Expense Tracker 1 Backend\node_modules\sequelize\lib\dialects\abstract\query-generator.js:1732:35)
    at MySQLQueryGenerator.getWhereConditions (D:\JS applications vscode\New Full Stack Expense Tracker 1 Backend\node_modules\sequelize\lib\dialects\abstract\query-generator.js:2075:19)
    at MySQLQueryGenerator.selectQuery (D:\JS applications vscode\New Full Stack Expense Tracker 1 Backend\node_modules\sequelize\lib\dialects\abstract\query-generator.js:988:28)
    at MySQLQueryInterface.select (D:\JS applications vscode\New Full Stack Expense Tracker 1 Backend\node_modules\sequelize\lib\dialects\abstract\query-interface.js:407:59)
    at order.findAll (D:\JS applications vscode\New Full Stack Expense Tracker 1 Backend\node_modules\sequelize\lib\model.js:1140:47)
    at process.processTicksAndRejections (node:internal/process/task_queues:95:5)
    at async order.findOne (D:\JS applications vscode\New Full Stack Expense Tracker 1 Backend\node_modules\sequelize\lib\model.js:1240:12)
    at async exports.updateTransactionStatus (D:\JS applications vscode\New Full Stack Expense Tracker 1 Backend\controllers\purchase.js:68:19)
